<?xml version="1.0" encoding="UTF-8"?>
<!-- Generated by org.testng.reporters.JUnitReportReporter -->
<testsuite hostname="DESKTOP-B7IP05A" failures="0" tests="1" name="ee.testMyPage.AddAmountA" time="276.345" errors="0" timestamp="2023-03-01T17:36:45 EET" skipped="0">
  <testcase classname="ee.testMyPage.AddAmountA" name="AddItem" time="276.345"/>
  <system-out/>
</testsuite> <!-- ee.testMyPage.AddAmountA -->
