<?xml version="1.0" encoding="UTF-8"?>
<!-- Generated by org.testng.reporters.JUnitReportReporter -->
<testsuite hostname="DESKTOP-B7IP05A" failures="0" tests="1" name="ee.testMyPage.AddItemsToBasket" time="277.532" errors="0" timestamp="2023-03-01T16:07:56 EET" skipped="0">
  <testcase classname="ee.testMyPage.AddItemsToBasket" name="AddItem" time="277.532"/>
  <system-out/>
</testsuite> <!-- ee.testMyPage.AddItemsToBasket -->
